f:\公司软件\serialportsoftware\serialportsoftware\x64\debug\main.obj
f:\公司软件\serialportsoftware\serialportsoftware\x64\debug\serialportsoftware.obj
f:\公司软件\serialportsoftware\serialportsoftware\x64\debug\moc_serialportdialog.obj
f:\公司软件\serialportsoftware\serialportsoftware\x64\debug\moc_serialportsoftware.obj
f:\公司软件\serialportsoftware\serialportsoftware\x64\debug\qrc_serialportsoftware.obj
f:\公司软件\serialportsoftware\serialportsoftware\x64\debug\vc141.pdb
f:\公司软件\serialportsoftware\serialportsoftware\x64\debug\serialportdialog.obj
f:\公司软件\serialportsoftware\serialportsoftware\x64\debug\moc_commanddialog.obj
f:\公司软件\serialportsoftware\serialportsoftware\x64\debug\commanddialog.obj
f:\公司软件\serialportsoftware\x64\debug\serialportsoftware.exe
f:\公司软件\serialportsoftware\x64\debug\serialportsoftware.ilk
f:\公司软件\serialportsoftware\x64\debug\serialportsoftware.pdb
f:\公司软件\serialportsoftware\serialportsoftware\.\generatedfiles\debug\moc_serialportsoftware.cpp
f:\公司软件\serialportsoftware\serialportsoftware\.\generatedfiles\debug\moc_serialportdialog.cpp
f:\公司软件\serialportsoftware\serialportsoftware\.\generatedfiles\debug\moc_commanddialog.cpp
f:\公司软件\serialportsoftware\serialportsoftware\.\generatedfiles\qrc_serialportsoftware.cpp
f:\公司软件\serialportsoftware\serialportsoftware\.\generatedfiles\ui_commanddialog.h
f:\公司软件\serialportsoftware\serialportsoftware\.\generatedfiles\ui_serialportdialog.h
f:\公司软件\serialportsoftware\serialportsoftware\.\generatedfiles\ui_serialportsoftware.h
f:\公司软件\serialportsoftware\serialportsoftware\x64\debug\myapp.res
f:\公司软件\serialportsoftware\serialportsoftware\x64\debug\serialportsoftware.res
f:\公司软件\serialportsoftware\serialportsoftware\generatedfiles\debug\moc_serialportsoftware.cpp
f:\公司软件\serialportsoftware\serialportsoftware\generatedfiles\debug\moc_serialportdialog.cpp
f:\公司软件\serialportsoftware\serialportsoftware\generatedfiles\qrc_serialportsoftware.cpp
f:\公司软件\serialportsoftware\serialportsoftware\generatedfiles\ui_serialportdialog.h
f:\公司软件\serialportsoftware\serialportsoftware\generatedfiles\ui_serialportsoftware.h
f:\公司软件\serialportsoftware\serialportsoftware\generatedfiles\debug\moc_commanddialog.cpp
f:\公司软件\serialportsoftware\serialportsoftware\generatedfiles\ui_commanddialog.h
f:\公司软件\serialportsoftware\serialportsoftware\x64\debug\serialpo.b12702ad.tlog\cl.command.1.tlog
f:\公司软件\serialportsoftware\serialportsoftware\x64\debug\serialpo.b12702ad.tlog\cl.read.1.tlog
f:\公司软件\serialportsoftware\serialportsoftware\x64\debug\serialpo.b12702ad.tlog\cl.write.1.tlog
f:\公司软件\serialportsoftware\serialportsoftware\x64\debug\serialpo.b12702ad.tlog\link.command.1.tlog
f:\公司软件\serialportsoftware\serialportsoftware\x64\debug\serialpo.b12702ad.tlog\link.read.1.tlog
f:\公司软件\serialportsoftware\serialportsoftware\x64\debug\serialpo.b12702ad.tlog\link.write.1.tlog
f:\公司软件\serialportsoftware\serialportsoftware\x64\debug\serialpo.b12702ad.tlog\qtmoc.read.1u.tlog
f:\公司软件\serialportsoftware\serialportsoftware\x64\debug\serialpo.b12702ad.tlog\qtmoc.write.1u.tlog
f:\公司软件\serialportsoftware\serialportsoftware\x64\debug\serialpo.b12702ad.tlog\qtrcc.read.1u.tlog
f:\公司软件\serialportsoftware\serialportsoftware\x64\debug\serialpo.b12702ad.tlog\qtrcc.write.1u.tlog
f:\公司软件\serialportsoftware\serialportsoftware\x64\debug\serialpo.b12702ad.tlog\qtuic.read.1u.tlog
f:\公司软件\serialportsoftware\serialportsoftware\x64\debug\serialpo.b12702ad.tlog\qtuic.write.1u.tlog
f:\公司软件\serialportsoftware\serialportsoftware\x64\debug\serialpo.b12702ad.tlog\rc.command.1.tlog
f:\公司软件\serialportsoftware\serialportsoftware\x64\debug\serialpo.b12702ad.tlog\rc.read.1.tlog
f:\公司软件\serialportsoftware\serialportsoftware\x64\debug\serialpo.b12702ad.tlog\rc.write.1.tlog
f:\公司软件\serialportsoftware\serialportsoftware\x64\debug\serialpo.b12702ad.tlog\serialportsoftware.write.1u.tlog
