f:\code_resource\qtcode\serialportsoftware\serialportsoftware\x64\release\moc_commanddialog.obj
f:\code_resource\qtcode\serialportsoftware\serialportsoftware\x64\release\qrc_serialportsoftware.obj
f:\code_resource\qtcode\serialportsoftware\serialportsoftware\x64\release\serialportdialog.obj
f:\code_resource\qtcode\serialportsoftware\serialportsoftware\x64\release\moc_serialportdialog.obj
f:\code_resource\qtcode\serialportsoftware\serialportsoftware\x64\release\commanddialog.obj
f:\code_resource\qtcode\serialportsoftware\serialportsoftware\x64\release\serialportsoftware.obj
f:\code_resource\qtcode\serialportsoftware\serialportsoftware\x64\release\moc_serialportsoftware.obj
f:\code_resource\qtcode\serialportsoftware\serialportsoftware\x64\release\main.obj
f:\code_resource\qtcode\serialportsoftware\x64\release\serialportsoftware.exe
f:\code_resource\qtcode\serialportsoftware\serialportsoftware\.\generatedfiles\release\moc_serialportsoftware.cpp
f:\code_resource\qtcode\serialportsoftware\serialportsoftware\.\generatedfiles\release\moc_commanddialog.cpp
f:\code_resource\qtcode\serialportsoftware\serialportsoftware\.\generatedfiles\qrc_serialportsoftware.cpp
f:\code_resource\qtcode\serialportsoftware\serialportsoftware\.\generatedfiles\ui_commanddialog.h
f:\code_resource\qtcode\serialportsoftware\serialportsoftware\.\generatedfiles\ui_serialportsoftware.h
f:\code_resource\qtcode\serialportsoftware\serialportsoftware\x64\release\myapp.res
f:\code_resource\qtcode\serialportsoftware\serialportsoftware\x64\release\serialportsoftware.res
f:\code_resource\qtcode\serialportsoftware\serialportsoftware\generatedfiles\release\moc_serialportsoftware.cpp
f:\code_resource\qtcode\serialportsoftware\serialportsoftware\generatedfiles\release\moc_serialportdialog.cpp
f:\code_resource\qtcode\serialportsoftware\serialportsoftware\generatedfiles\release\moc_udpcamera.cpp
f:\code_resource\qtcode\serialportsoftware\serialportsoftware\generatedfiles\release\moc_commanddialog.cpp
f:\code_resource\qtcode\serialportsoftware\serialportsoftware\generatedfiles\qrc_serialportsoftware.cpp
f:\code_resource\qtcode\serialportsoftware\serialportsoftware\generatedfiles\ui_commanddialog.h
f:\code_resource\qtcode\serialportsoftware\serialportsoftware\generatedfiles\ui_serialportdialog.h
f:\code_resource\qtcode\serialportsoftware\serialportsoftware\generatedfiles\ui_serialportsoftware.h
f:\code_resource\qtcode\serialportsoftware\serialportsoftware\x64\release\serialpo.b12702ad.tlog\cl.command.1.tlog
f:\code_resource\qtcode\serialportsoftware\serialportsoftware\x64\release\serialpo.b12702ad.tlog\cl.read.1.tlog
f:\code_resource\qtcode\serialportsoftware\serialportsoftware\x64\release\serialpo.b12702ad.tlog\cl.write.1.tlog
f:\code_resource\qtcode\serialportsoftware\serialportsoftware\x64\release\serialpo.b12702ad.tlog\link.command.1.tlog
f:\code_resource\qtcode\serialportsoftware\serialportsoftware\x64\release\serialpo.b12702ad.tlog\link.read.1.tlog
f:\code_resource\qtcode\serialportsoftware\serialportsoftware\x64\release\serialpo.b12702ad.tlog\link.write.1.tlog
f:\code_resource\qtcode\serialportsoftware\serialportsoftware\x64\release\serialpo.b12702ad.tlog\qtmoc.read.1u.tlog
f:\code_resource\qtcode\serialportsoftware\serialportsoftware\x64\release\serialpo.b12702ad.tlog\qtmoc.write.1u.tlog
f:\code_resource\qtcode\serialportsoftware\serialportsoftware\x64\release\serialpo.b12702ad.tlog\qtrcc.read.1u.tlog
f:\code_resource\qtcode\serialportsoftware\serialportsoftware\x64\release\serialpo.b12702ad.tlog\qtrcc.write.1u.tlog
f:\code_resource\qtcode\serialportsoftware\serialportsoftware\x64\release\serialpo.b12702ad.tlog\qtuic.read.1u.tlog
f:\code_resource\qtcode\serialportsoftware\serialportsoftware\x64\release\serialpo.b12702ad.tlog\qtuic.write.1u.tlog
f:\code_resource\qtcode\serialportsoftware\serialportsoftware\x64\release\serialpo.b12702ad.tlog\rc.command.1.tlog
f:\code_resource\qtcode\serialportsoftware\serialportsoftware\x64\release\serialpo.b12702ad.tlog\rc.read.1.tlog
f:\code_resource\qtcode\serialportsoftware\serialportsoftware\x64\release\serialpo.b12702ad.tlog\rc.write.1.tlog
f:\code_resource\qtcode\serialportsoftware\serialportsoftware\x64\release\serialpo.b12702ad.tlog\serialportsoftware.write.1u.tlog
